chktex exit: 0
Rc files read:
  /usr/local/share/latexmk/LatexMk
Latexmk: This is Latexmk, John Collins, 31 Jan. 2024. Version 4.83.
Latexmk: Changing directory to '/compile/'
Force *latex to be remade.
------------
Running 'internal overleaf_pre_process "main.tex" "output.pdf"'
------------
Latexmk: calling overleaf_pre_process( "main.tex" "output.pdf" )
Latexmk: applying rule 'xelatex'...
Rule 'xelatex':  Reasons for rerun
Category 'other':
  Rerun of 'xelatex' forced or previously required:
    Reason or flag: 'go_mode=3'

------------
Run number 1 of rule 'xelatex'
------------
------------
Running 'xelatex -no-pdf -synctex=1 -interaction=batchmode -recorder --jobname="output"  "main.tex"'
------------
This is XeTeX, Version 3.141592653-2.6-0.999996 (TeX Live 2024) (preloaded format=xelatex)
 \write18 enabled.
entering extended mode

SyncTeX written on output.synctex.gz.Latexmk: Getting log file 'output.log'
Latexmk: Examining 'output.fls'
Latexmk: Examining 'output.log'
Latexmk: Found input bbl file 'output.bbl'
Latexmk: Log file says output to 'output.xdv'
Latexmk: Bibliography file(s) from .bcf file:
  refs.bib
Latexmk: applying rule 'xdvipdfmx'...
Rule 'xdvipdfmx':  Reasons for rerun
Changed files or newly in use/created:
  output.xdv
Category 'changed_source_rules':
  xelatex
Category 'no_dest':
  xdvipdfmx

------------
Run number 1 of rule 'xdvipdfmx'
------------
------------
Running 'xdvipdfmx -z 6 -i dvipdfmx-unsafe.cfg -o "output.pdf"  "output.xdv"'
------------
Latexmk: Summary of warnings from last run of *latex:
  =====Latex reported missing or unavailable character(s).
=====See log file for details.
Latexmk: All targets (output.xdv output.pdf) are up-to-date
------------
Running 'internal overleaf_post_process "main.tex" "output.pdf"'
------------
Latexmk: calling overleaf_post_process( "main.tex" "output.pdf" )
qpdf exit code=0
Renaming optimised file to output.pdf
Extracting xref table for output.pdf
qpdf --show-xref exit code=0
Latexmk: Undoing directory change

